<?xml version="1.0" encoding="UTF-8"?>
<!-- Generated by org.testng.reporters.JUnitReportReporter -->
<testsuite hostname="SRIRAMA1020" failures="0" tests="1" name="co.crm.qa.testcases.HomePageTest" time="4.535" errors="0" timestamp="2024-01-09T16:44:53 EST" skipped="0">
  <testcase classname="co.crm.qa.testcases.HomePageTest" name="LoansPageTest" time="4.535"/>
</testsuite> <!-- co.crm.qa.testcases.HomePageTest -->
