<?xml version="1.0" encoding="UTF-8"?>
<!-- Generated by org.testng.reporters.JUnitReportReporter -->
<testsuite hostname="SRIRAMA1020" failures="0" tests="1" name="co.crm.qa.testcases.CameraPageTest" time="6.682" errors="0" timestamp="2024-01-03T16:00:26 EST" skipped="0">
  <testcase classname="co.crm.qa.testcases.CameraPageTest" name="SuccessMsgTest" time="6.682"/>
</testsuite> <!-- co.crm.qa.testcases.CameraPageTest -->
