<?xml version="1.0" encoding="UTF-8"?>
<!-- Generated by org.testng.reporters.JUnitReportReporter -->
<testsuite hostname="SRIRAMA1020" failures="0" tests="1" name="co.crm.qa.testcases.LoginPageTest" time="3.079" errors="0" timestamp="2024-01-09T16:01:50 EST" skipped="0">
  <testcase classname="co.crm.qa.testcases.LoginPageTest" name="loginTest" time="3.079"/>
</testsuite> <!-- co.crm.qa.testcases.LoginPageTest -->
